Performing Curl Test HAVE_FSETXATTR_6 failed with the following output:
Change Dir: '/home/dev/Proxy_Check/build/Desktop-Release/CMakeFiles/CMakeTmp'

Run Build Command(s): /usr/bin/cmake -E env VERBOSE=1 /usr/bin/gmake -f Makefile cmTC_3ca9b/fast
/usr/bin/gmake  -f CMakeFiles/cmTC_3ca9b.dir/build.make CMakeFiles/cmTC_3ca9b.dir/build
gmake[1]: Entering directory '/home/dev/Proxy_Check/build/Desktop-Release/CMakeFiles/CMakeTmp'
Building C object CMakeFiles/cmTC_3ca9b.dir/CurlTests.c.o
/usr/bin/clang   -Wextra -Wall -pedantic -Wbad-function-cast -Wconversion -Winline -Wmissing-declarations -Wmissing-prototypes -Wnested-externs -Wno-long-long -Wno-multichar -Wpointer-arith -Wshadow -Wsign-compare -Wundef -Wunused -Wwrite-strings -Wcast-align -Wdeclaration-after-statement -Wempty-body -Wendif-labels -Wfloat-equal -Wignored-qualifiers -Wno-format-nonliteral -Wno-sign-conversion -Wno-system-headers -Wstrict-prototypes -Wtype-limits -Wvla -Wshift-sign-overflow -Wshorten-64-to-32 -Wdouble-promotion -Wenum-conversion -Wunused-const-variable -Wcomma -Wmissing-variable-declarations -Wassign-enum -Wextra-semi-stmt -DHAVE_FSETXATTR_6  -DHAVE_INTTYPES_H -DHAVE_SYS_WAIT_H -DHAVE_SYS_IOCTL_H -DHAVE_SYS_PARAM_H -DHAVE_SYS_POLL_H -DHAVE_SYS_RESOURCE_H -DHAVE_SYS_SELECT_H -DHAVE_SYS_SOCKET_H -DHAVE_SYS_STAT_H -DHAVE_SYS_TIME_H -DHAVE_SYS_TYPES_H -DHAVE_SYS_UN_H -DHAVE_SYS_XATTR_H -DHAVE_ARPA_INET_H -DHAVE_FCNTL_H -DHAVE_IFADDRS_H -DHAVE_LIBGEN_H -DHAVE_LOCALE_H -DHAVE_NET_IF_H -DHAVE_NETDB_H -DHAVE_NETINET_IN_H -DHAVE_NETINET_TCP_H -DHAVE_NETINET_UDP_H -DHAVE_POLL_H -DHAVE_PWD_H -DHAVE_STDATOMIC_H -DHAVE_STDBOOL_H -DHAVE_STDINT_H -DHAVE_STRINGS_H -DHAVE_TERMIO_H -DHAVE_TERMIOS_H -DHAVE_UNISTD_H -DHAVE_UTIME_H -fcolor-diagnostics -MD -MT CMakeFiles/cmTC_3ca9b.dir/CurlTests.c.o -MF CMakeFiles/cmTC_3ca9b.dir/CurlTests.c.o.d -o CMakeFiles/cmTC_3ca9b.dir/CurlTests.c.o -c /home/dev/Proxy_Check/build/Desktop-Release/_deps/curl-src/CMake/CurlTests.c
[1m/home/dev/Proxy_Check/build/Desktop-Release/_deps/curl-src/CMake/CurlTests.c:405:5: [0m[0;1;35mwarning: [0m[1ma function declaration without a prototype is deprecated in all versions of C [-Wstrict-prototypes][0m
main() {
[0;1;32m    ^
[0m[0;32m     void
[0m[1m/home/dev/Proxy_Check/build/Desktop-Release/_deps/curl-src/CMake/CurlTests.c:406:28: [0m[0;1;31merror: [0m[1mtoo many arguments to function call, expected 5, have 6[0m
  fsetxattr(0, 0, 0, 0, 0, 0);
[0;1;32m  ~~~~~~~~~                ^
[0m[1m/usr/include/x86_64-linux-gnu/sys/xattr.h:54:12: [0m[0;1;30mnote: [0m'fsetxattr' declared here[0m
extern int fsetxattr (int __fd, const char *__name, const void *__value,
[0;1;32m           ^
[0m1 warning and 1 error generated.
gmake[1]: *** [CMakeFiles/cmTC_3ca9b.dir/build.make:79: CMakeFiles/cmTC_3ca9b.dir/CurlTests.c.o] Error 1
gmake[1]: Leaving directory '/home/dev/Proxy_Check/build/Desktop-Release/CMakeFiles/CMakeTmp'
gmake: *** [Makefile:127: cmTC_3ca9b/fast] Error 2


Performing Curl Test HAVE_IOCTLSOCKET failed with the following output:
Change Dir: '/home/dev/Proxy_Check/build/Desktop-Release/CMakeFiles/CMakeTmp'

Run Build Command(s): /usr/bin/cmake -E env VERBOSE=1 /usr/bin/gmake -f Makefile cmTC_c7c5a/fast
/usr/bin/gmake  -f CMakeFiles/cmTC_c7c5a.dir/build.make CMakeFiles/cmTC_c7c5a.dir/build
gmake[1]: Entering directory '/home/dev/Proxy_Check/build/Desktop-Release/CMakeFiles/CMakeTmp'
Building C object CMakeFiles/cmTC_c7c5a.dir/CurlTests.c.o
/usr/bin/clang   -Wextra -Wall -pedantic -Wbad-function-cast -Wconversion -Winline -Wmissing-declarations -Wmissing-prototypes -Wnested-externs -Wno-long-long -Wno-multichar -Wpointer-arith -Wshadow -Wsign-compare -Wundef -Wunused -Wwrite-strings -Wcast-align -Wdeclaration-after-statement -Wempty-body -Wendif-labels -Wfloat-equal -Wignored-qualifiers -Wno-format-nonliteral -Wno-sign-conversion -Wno-system-headers -Wstrict-prototypes -Wtype-limits -Wvla -Wshift-sign-overflow -Wshorten-64-to-32 -Wdouble-promotion -Wenum-conversion -Wunused-const-variable -Wcomma -Wmissing-variable-declarations -Wassign-enum -Wextra-semi-stmt -DHAVE_IOCTLSOCKET  -DHAVE_INTTYPES_H -DHAVE_SYS_WAIT_H -DHAVE_SYS_IOCTL_H -DHAVE_SYS_PARAM_H -DHAVE_SYS_POLL_H -DHAVE_SYS_RESOURCE_H -DHAVE_SYS_SELECT_H -DHAVE_SYS_SOCKET_H -DHAVE_SYS_STAT_H -DHAVE_SYS_TIME_H -DHAVE_SYS_TYPES_H -DHAVE_SYS_UN_H -DHAVE_SYS_XATTR_H -DHAVE_ARPA_INET_H -DHAVE_FCNTL_H -DHAVE_IFADDRS_H -DHAVE_LIBGEN_H -DHAVE_LOCALE_H -DHAVE_NET_IF_H -DHAVE_NETDB_H -DHAVE_NETINET_IN_H -DHAVE_NETINET_TCP_H -DHAVE_NETINET_UDP_H -DHAVE_POLL_H -DHAVE_PWD_H -DHAVE_STDATOMIC_H -DHAVE_STDBOOL_H -DHAVE_STDINT_H -DHAVE_STRINGS_H -DHAVE_TERMIO_H -DHAVE_TERMIOS_H -DHAVE_UNISTD_H -DHAVE_UTIME_H -fcolor-diagnostics -MD -MT CMakeFiles/cmTC_c7c5a.dir/CurlTests.c.o -MF CMakeFiles/cmTC_c7c5a.dir/CurlTests.c.o.d -o CMakeFiles/cmTC_c7c5a.dir/CurlTests.c.o -c /home/dev/Proxy_Check/build/Desktop-Release/_deps/curl-src/CMake/CurlTests.c
[1m/home/dev/Proxy_Check/build/Desktop-Release/_deps/curl-src/CMake/CurlTests.c:199:6: [0m[0;1;35mwarning: [0m[1ma function declaration without a prototype is deprecated in all versions of C [-Wstrict-prototypes][0m
main ()
[0;1;32m     ^
[0m[0;32m      void
[0m[1m/home/dev/Proxy_Check/build/Desktop-Release/_deps/curl-src/CMake/CurlTests.c:204:24: [0m[0;1;31merror: [0m[1mcall to undeclared function 'ioctlsocket'; ISO C99 and later do not support implicit function declarations [-Wimplicit-function-declaration][0m
 unsigned long flags = ioctlsocket(socket, FIONBIO, &flags);
[0;1;32m                       ^
[0m[1m/home/dev/Proxy_Check/build/Desktop-Release/_deps/curl-src/CMake/CurlTests.c:204:44: [0m[0;1;31merror: [0m[1muse of undeclared identifier 'FIONBIO'[0m
 unsigned long flags = ioctlsocket(socket, FIONBIO, &flags);
[0;1;32m                                           ^
[0m[1m/home/dev/Proxy_Check/build/Desktop-Release/_deps/curl-src/CMake/CurlTests.c:206:3: [0m[0;1;35mwarning: [0m[1mempty expression statement has no effect; remove unnecessary ';' to silence this warning [-Wextra-semi-stmt][0m
  ;
[0;1;32m  ^
[0m2 warnings and 2 errors generated.
gmake[1]: *** [CMakeFiles/cmTC_c7c5a.dir/build.make:79: CMakeFiles/cmTC_c7c5a.dir/CurlTests.c.o] Error 1
gmake[1]: Leaving directory '/home/dev/Proxy_Check/build/Desktop-Release/CMakeFiles/CMakeTmp'
gmake: *** [Makefile:127: cmTC_c7c5a/fast] Error 2


Performing Curl Test HAVE_IOCTLSOCKET_CAMEL failed with the following output:
Change Dir: '/home/dev/Proxy_Check/build/Desktop-Release/CMakeFiles/CMakeTmp'

Run Build Command(s): /usr/bin/cmake -E env VERBOSE=1 /usr/bin/gmake -f Makefile cmTC_13d7d/fast
/usr/bin/gmake  -f CMakeFiles/cmTC_13d7d.dir/build.make CMakeFiles/cmTC_13d7d.dir/build
gmake[1]: Entering directory '/home/dev/Proxy_Check/build/Desktop-Release/CMakeFiles/CMakeTmp'
Building C object CMakeFiles/cmTC_13d7d.dir/CurlTests.c.o
/usr/bin/clang   -Wextra -Wall -pedantic -Wbad-function-cast -Wconversion -Winline -Wmissing-declarations -Wmissing-prototypes -Wnested-externs -Wno-long-long -Wno-multichar -Wpointer-arith -Wshadow -Wsign-compare -Wundef -Wunused -Wwrite-strings -Wcast-align -Wdeclaration-after-statement -Wempty-body -Wendif-labels -Wfloat-equal -Wignored-qualifiers -Wno-format-nonliteral -Wno-sign-conversion -Wno-system-headers -Wstrict-prototypes -Wtype-limits -Wvla -Wshift-sign-overflow -Wshorten-64-to-32 -Wdouble-promotion -Wenum-conversion -Wunused-const-variable -Wcomma -Wmissing-variable-declarations -Wassign-enum -Wextra-semi-stmt -DHAVE_IOCTLSOCKET_CAMEL  -DHAVE_INTTYPES_H -DHAVE_SYS_WAIT_H -DHAVE_SYS_IOCTL_H -DHAVE_SYS_PARAM_H -DHAVE_SYS_POLL_H -DHAVE_SYS_RESOURCE_H -DHAVE_SYS_SELECT_H -DHAVE_SYS_SOCKET_H -DHAVE_SYS_STAT_H -DHAVE_SYS_TIME_H -DHAVE_SYS_TYPES_H -DHAVE_SYS_UN_H -DHAVE_SYS_XATTR_H -DHAVE_ARPA_INET_H -DHAVE_FCNTL_H -DHAVE_IFADDRS_H -DHAVE_LIBGEN_H -DHAVE_LOCALE_H -DHAVE_NET_IF_H -DHAVE_NETDB_H -DHAVE_NETINET_IN_H -DHAVE_NETINET_TCP_H -DHAVE_NETINET_UDP_H -DHAVE_POLL_H -DHAVE_PWD_H -DHAVE_STDATOMIC_H -DHAVE_STDBOOL_H -DHAVE_STDINT_H -DHAVE_STRINGS_H -DHAVE_TERMIO_H -DHAVE_TERMIOS_H -DHAVE_UNISTD_H -DHAVE_UTIME_H -fcolor-diagnostics -MD -MT CMakeFiles/cmTC_13d7d.dir/CurlTests.c.o -MF CMakeFiles/cmTC_13d7d.dir/CurlTests.c.o.d -o CMakeFiles/cmTC_13d7d.dir/CurlTests.c.o -c /home/dev/Proxy_Check/build/Desktop-Release/_deps/curl-src/CMake/CurlTests.c
[1m/home/dev/Proxy_Check/build/Desktop-Release/_deps/curl-src/CMake/CurlTests.c:224:6: [0m[0;1;35mwarning: [0m[1ma function declaration without a prototype is deprecated in all versions of C [-Wstrict-prototypes][0m
main ()
[0;1;32m     ^
[0m[0;32m      void
[0m[1m/home/dev/Proxy_Check/build/Desktop-Release/_deps/curl-src/CMake/CurlTests.c:228:13: [0m[0;1;31merror: [0m[1mcall to undeclared function 'IoctlSocket'; ISO C99 and later do not support implicit function declarations [-Wimplicit-function-declaration][0m
    if(0 != IoctlSocket(0, 0, 0))
[0;1;32m            ^
[0m[1m/home/dev/Proxy_Check/build/Desktop-Release/_deps/curl-src/CMake/CurlTests.c:230:3: [0m[0;1;35mwarning: [0m[1mempty expression statement has no effect; remove unnecessary ';' to silence this warning [-Wextra-semi-stmt][0m
  ;
[0;1;32m  ^
[0m2 warnings and 1 error generated.
gmake[1]: *** [CMakeFiles/cmTC_13d7d.dir/build.make:79: CMakeFiles/cmTC_13d7d.dir/CurlTests.c.o] Error 1
gmake[1]: Leaving directory '/home/dev/Proxy_Check/build/Desktop-Release/CMakeFiles/CMakeTmp'
gmake: *** [Makefile:127: cmTC_13d7d/fast] Error 2


Performing Curl Test HAVE_IOCTLSOCKET_CAMEL_FIONBIO failed with the following output:
Change Dir: '/home/dev/Proxy_Check/build/Desktop-Release/CMakeFiles/CMakeTmp'

Run Build Command(s): /usr/bin/cmake -E env VERBOSE=1 /usr/bin/gmake -f Makefile cmTC_cd5ff/fast
/usr/bin/gmake  -f CMakeFiles/cmTC_cd5ff.dir/build.make CMakeFiles/cmTC_cd5ff.dir/build
gmake[1]: Entering directory '/home/dev/Proxy_Check/build/Desktop-Release/CMakeFiles/CMakeTmp'
Building C object CMakeFiles/cmTC_cd5ff.dir/CurlTests.c.o
/usr/bin/clang   -Wextra -Wall -pedantic -Wbad-function-cast -Wconversion -Winline -Wmissing-declarations -Wmissing-prototypes -Wnested-externs -Wno-long-long -Wno-multichar -Wpointer-arith -Wshadow -Wsign-compare -Wundef -Wunused -Wwrite-strings -Wcast-align -Wdeclaration-after-statement -Wempty-body -Wendif-labels -Wfloat-equal -Wignored-qualifiers -Wno-format-nonliteral -Wno-sign-conversion -Wno-system-headers -Wstrict-prototypes -Wtype-limits -Wvla -Wshift-sign-overflow -Wshorten-64-to-32 -Wdouble-promotion -Wenum-conversion -Wunused-const-variable -Wcomma -Wmissing-variable-declarations -Wassign-enum -Wextra-semi-stmt -DHAVE_IOCTLSOCKET_CAMEL_FIONBIO  -DHAVE_INTTYPES_H -DHAVE_SYS_WAIT_H -DHAVE_SYS_IOCTL_H -DHAVE_SYS_PARAM_H -DHAVE_SYS_POLL_H -DHAVE_SYS_RESOURCE_H -DHAVE_SYS_SELECT_H -DHAVE_SYS_SOCKET_H -DHAVE_SYS_STAT_H -DHAVE_SYS_TIME_H -DHAVE_SYS_TYPES_H -DHAVE_SYS_UN_H -DHAVE_SYS_XATTR_H -DHAVE_ARPA_INET_H -DHAVE_FCNTL_H -DHAVE_IFADDRS_H -DHAVE_LIBGEN_H -DHAVE_LOCALE_H -DHAVE_NET_IF_H -DHAVE_NETDB_H -DHAVE_NETINET_IN_H -DHAVE_NETINET_TCP_H -DHAVE_NETINET_UDP_H -DHAVE_POLL_H -DHAVE_PWD_H -DHAVE_STDATOMIC_H -DHAVE_STDBOOL_H -DHAVE_STDINT_H -DHAVE_STRINGS_H -DHAVE_TERMIO_H -DHAVE_TERMIOS_H -DHAVE_UNISTD_H -DHAVE_UTIME_H -fcolor-diagnostics -MD -MT CMakeFiles/cmTC_cd5ff.dir/CurlTests.c.o -MF CMakeFiles/cmTC_cd5ff.dir/CurlTests.c.o.d -o CMakeFiles/cmTC_cd5ff.dir/CurlTests.c.o -c /home/dev/Proxy_Check/build/Desktop-Release/_deps/curl-src/CMake/CurlTests.c
[1m/home/dev/Proxy_Check/build/Desktop-Release/_deps/curl-src/CMake/CurlTests.c:247:6: [0m[0;1;35mwarning: [0m[1ma function declaration without a prototype is deprecated in all versions of C [-Wstrict-prototypes][0m
main ()
[0;1;32m     ^
[0m[0;32m      void
[0m[1m/home/dev/Proxy_Check/build/Desktop-Release/_deps/curl-src/CMake/CurlTests.c:252:17: [0m[0;1;31merror: [0m[1mcall to undeclared function 'IoctlSocket'; ISO C99 and later do not support implicit function declarations [-Wimplicit-function-declaration][0m
        if(0 != IoctlSocket(0, FIONBIO, &flags))
[0;1;32m                ^
[0m[1m/home/dev/Proxy_Check/build/Desktop-Release/_deps/curl-src/CMake/CurlTests.c:252:32: [0m[0;1;31merror: [0m[1muse of undeclared identifier 'FIONBIO'[0m
        if(0 != IoctlSocket(0, FIONBIO, &flags))
[0;1;32m                               ^
[0m[1m/home/dev/Proxy_Check/build/Desktop-Release/_deps/curl-src/CMake/CurlTests.c:254:3: [0m[0;1;35mwarning: [0m[1mempty expression statement has no effect; remove unnecessary ';' to silence this warning [-Wextra-semi-stmt][0m
  ;
[0;1;32m  ^
[0m2 warnings and 2 errors generated.
gmake[1]: *** [CMakeFiles/cmTC_cd5ff.dir/build.make:79: CMakeFiles/cmTC_cd5ff.dir/CurlTests.c.o] Error 1
gmake[1]: Leaving directory '/home/dev/Proxy_Check/build/Desktop-Release/CMakeFiles/CMakeTmp'
gmake: *** [Makefile:127: cmTC_cd5ff/fast] Error 2


Performing Curl Test HAVE_IOCTLSOCKET_FIONBIO failed with the following output:
Change Dir: '/home/dev/Proxy_Check/build/Desktop-Release/CMakeFiles/CMakeTmp'

Run Build Command(s): /usr/bin/cmake -E env VERBOSE=1 /usr/bin/gmake -f Makefile cmTC_b61e2/fast
/usr/bin/gmake  -f CMakeFiles/cmTC_b61e2.dir/build.make CMakeFiles/cmTC_b61e2.dir/build
gmake[1]: Entering directory '/home/dev/Proxy_Check/build/Desktop-Release/CMakeFiles/CMakeTmp'
Building C object CMakeFiles/cmTC_b61e2.dir/CurlTests.c.o
/usr/bin/clang   -Wextra -Wall -pedantic -Wbad-function-cast -Wconversion -Winline -Wmissing-declarations -Wmissing-prototypes -Wnested-externs -Wno-long-long -Wno-multichar -Wpointer-arith -Wshadow -Wsign-compare -Wundef -Wunused -Wwrite-strings -Wcast-align -Wdeclaration-after-statement -Wempty-body -Wendif-labels -Wfloat-equal -Wignored-qualifiers -Wno-format-nonliteral -Wno-sign-conversion -Wno-system-headers -Wstrict-prototypes -Wtype-limits -Wvla -Wshift-sign-overflow -Wshorten-64-to-32 -Wdouble-promotion -Wenum-conversion -Wunused-const-variable -Wcomma -Wmissing-variable-declarations -Wassign-enum -Wextra-semi-stmt -DHAVE_IOCTLSOCKET_FIONBIO  -DHAVE_INTTYPES_H -DHAVE_SYS_WAIT_H -DHAVE_SYS_IOCTL_H -DHAVE_SYS_PARAM_H -DHAVE_SYS_POLL_H -DHAVE_SYS_RESOURCE_H -DHAVE_SYS_SELECT_H -DHAVE_SYS_SOCKET_H -DHAVE_SYS_STAT_H -DHAVE_SYS_TIME_H -DHAVE_SYS_TYPES_H -DHAVE_SYS_UN_H -DHAVE_SYS_XATTR_H -DHAVE_ARPA_INET_H -DHAVE_FCNTL_H -DHAVE_IFADDRS_H -DHAVE_LIBGEN_H -DHAVE_LOCALE_H -DHAVE_NET_IF_H -DHAVE_NETDB_H -DHAVE_NETINET_IN_H -DHAVE_NETINET_TCP_H -DHAVE_NETINET_UDP_H -DHAVE_POLL_H -DHAVE_PWD_H -DHAVE_STDATOMIC_H -DHAVE_STDBOOL_H -DHAVE_STDINT_H -DHAVE_STRINGS_H -DHAVE_TERMIO_H -DHAVE_TERMIOS_H -DHAVE_UNISTD_H -DHAVE_UTIME_H -fcolor-diagnostics -MD -MT CMakeFiles/cmTC_b61e2.dir/CurlTests.c.o -MF CMakeFiles/cmTC_b61e2.dir/CurlTests.c.o.d -o CMakeFiles/cmTC_b61e2.dir/CurlTests.c.o -c /home/dev/Proxy_Check/build/Desktop-Release/_deps/curl-src/CMake/CurlTests.c
[1m/home/dev/Proxy_Check/build/Desktop-Release/_deps/curl-src/CMake/CurlTests.c:271:6: [0m[0;1;35mwarning: [0m[1ma function declaration without a prototype is deprecated in all versions of C [-Wstrict-prototypes][0m
main ()
[0;1;32m     ^
[0m[0;32m      void
[0m[1m/home/dev/Proxy_Check/build/Desktop-Release/_deps/curl-src/CMake/CurlTests.c:275:17: [0m[0;1;31merror: [0m[1mcall to undeclared function 'ioctlsocket'; ISO C99 and later do not support implicit function declarations [-Wimplicit-function-declaration][0m
        if(0 != ioctlsocket(0, FIONBIO, &flags))
[0;1;32m                ^
[0m[1m/home/dev/Proxy_Check/build/Desktop-Release/_deps/curl-src/CMake/CurlTests.c:275:32: [0m[0;1;31merror: [0m[1muse of undeclared identifier 'FIONBIO'[0m
        if(0 != ioctlsocket(0, FIONBIO, &flags))
[0;1;32m                               ^
[0m[1m/home/dev/Proxy_Check/build/Desktop-Release/_deps/curl-src/CMake/CurlTests.c:278:3: [0m[0;1;35mwarning: [0m[1mempty expression statement has no effect; remove unnecessary ';' to silence this warning [-Wextra-semi-stmt][0m
  ;
[0;1;32m  ^
[0m2 warnings and 2 errors generated.
gmake[1]: *** [CMakeFiles/cmTC_b61e2.dir/build.make:79: CMakeFiles/cmTC_b61e2.dir/CurlTests.c.o] Error 1
gmake[1]: Leaving directory '/home/dev/Proxy_Check/build/Desktop-Release/CMakeFiles/CMakeTmp'
gmake: *** [Makefile:127: cmTC_b61e2/fast] Error 2


Performing Curl Test HAVE_SETSOCKOPT_SO_NONBLOCK failed with the following output:
Change Dir: '/home/dev/Proxy_Check/build/Desktop-Release/CMakeFiles/CMakeTmp'

Run Build Command(s): /usr/bin/cmake -E env VERBOSE=1 /usr/bin/gmake -f Makefile cmTC_d2ae4/fast
/usr/bin/gmake  -f CMakeFiles/cmTC_d2ae4.dir/build.make CMakeFiles/cmTC_d2ae4.dir/build
gmake[1]: Entering directory '/home/dev/Proxy_Check/build/Desktop-Release/CMakeFiles/CMakeTmp'
Building C object CMakeFiles/cmTC_d2ae4.dir/CurlTests.c.o
/usr/bin/clang   -Wextra -Wall -pedantic -Wbad-function-cast -Wconversion -Winline -Wmissing-declarations -Wmissing-prototypes -Wnested-externs -Wno-long-long -Wno-multichar -Wpointer-arith -Wshadow -Wsign-compare -Wundef -Wunused -Wwrite-strings -Wcast-align -Wdeclaration-after-statement -Wempty-body -Wendif-labels -Wfloat-equal -Wignored-qualifiers -Wno-format-nonliteral -Wno-sign-conversion -Wno-system-headers -Wstrict-prototypes -Wtype-limits -Wvla -Wshift-sign-overflow -Wshorten-64-to-32 -Wdouble-promotion -Wenum-conversion -Wunused-const-variable -Wcomma -Wmissing-variable-declarations -Wassign-enum -Wextra-semi-stmt -DHAVE_SETSOCKOPT_SO_NONBLOCK  -DHAVE_INTTYPES_H -DHAVE_SYS_WAIT_H -DHAVE_SYS_IOCTL_H -DHAVE_SYS_PARAM_H -DHAVE_SYS_POLL_H -DHAVE_SYS_RESOURCE_H -DHAVE_SYS_SELECT_H -DHAVE_SYS_SOCKET_H -DHAVE_SYS_STAT_H -DHAVE_SYS_TIME_H -DHAVE_SYS_TYPES_H -DHAVE_SYS_UN_H -DHAVE_SYS_XATTR_H -DHAVE_ARPA_INET_H -DHAVE_FCNTL_H -DHAVE_IFADDRS_H -DHAVE_LIBGEN_H -DHAVE_LOCALE_H -DHAVE_NET_IF_H -DHAVE_NETDB_H -DHAVE_NETINET_IN_H -DHAVE_NETINET_TCP_H -DHAVE_NETINET_UDP_H -DHAVE_POLL_H -DHAVE_PWD_H -DHAVE_STDATOMIC_H -DHAVE_STDBOOL_H -DHAVE_STDINT_H -DHAVE_STRINGS_H -DHAVE_TERMIO_H -DHAVE_TERMIOS_H -DHAVE_UNISTD_H -DHAVE_UTIME_H -fcolor-diagnostics -MD -MT CMakeFiles/cmTC_d2ae4.dir/CurlTests.c.o -MF CMakeFiles/cmTC_d2ae4.dir/CurlTests.c.o.d -o CMakeFiles/cmTC_d2ae4.dir/CurlTests.c.o -c /home/dev/Proxy_Check/build/Desktop-Release/_deps/curl-src/CMake/CurlTests.c
[1m/home/dev/Proxy_Check/build/Desktop-Release/_deps/curl-src/CMake/CurlTests.c:365:6: [0m[0;1;35mwarning: [0m[1ma function declaration without a prototype is deprecated in all versions of C [-Wstrict-prototypes][0m
main ()
[0;1;32m     ^
[0m[0;32m      void
[0m[1m/home/dev/Proxy_Check/build/Desktop-Release/_deps/curl-src/CMake/CurlTests.c:367:43: [0m[0;1;31merror: [0m[1muse of undeclared identifier 'SO_NONBLOCK'; did you mean 'SOCK_NONBLOCK'?[0m
        if(0 != setsockopt(0, SOL_SOCKET, SO_NONBLOCK, 0, 0))
[0;1;32m                                          ^~~~~~~~~~~
[0m[0;32m                                          SOCK_NONBLOCK
[0m[1m/usr/include/x86_64-linux-gnu/bits/socket_type.h:52:3: [0m[0;1;30mnote: [0m'SOCK_NONBLOCK' declared here[0m
  SOCK_NONBLOCK = 00004000      /* Atomically mark descriptor(s) as
[0;1;32m  ^
[0m[1m/home/dev/Proxy_Check/build/Desktop-Release/_deps/curl-src/CMake/CurlTests.c:369:3: [0m[0;1;35mwarning: [0m[1mempty expression statement has no effect; remove unnecessary ';' to silence this warning [-Wextra-semi-stmt][0m
  ;
[0;1;32m  ^
[0m2 warnings and 1 error generated.
gmake[1]: *** [CMakeFiles/cmTC_d2ae4.dir/build.make:79: CMakeFiles/cmTC_d2ae4.dir/CurlTests.c.o] Error 1
gmake[1]: Leaving directory '/home/dev/Proxy_Check/build/Desktop-Release/CMakeFiles/CMakeTmp'
gmake: *** [Makefile:127: cmTC_d2ae4/fast] Error 2


Performing Curl Test HAVE_O_NONBLOCK failed with the following output:
Change Dir: '/home/dev/Proxy_Check/build/Desktop-Release/CMakeFiles/CMakeTmp'

Run Build Command(s): /usr/bin/cmake -E env VERBOSE=1 /usr/bin/gmake -f Makefile cmTC_f3d0e/fast
/usr/bin/gmake  -f CMakeFiles/cmTC_f3d0e.dir/build.make CMakeFiles/cmTC_f3d0e.dir/build
gmake[1]: Entering directory '/home/dev/Proxy_Check/build/Desktop-Release/CMakeFiles/CMakeTmp'
Building C object CMakeFiles/cmTC_f3d0e.dir/CurlTests.c.o
/usr/bin/clang   -Wextra -Wall -pedantic -Wbad-function-cast -Wconversion -Winline -Wmissing-declarations -Wmissing-prototypes -Wnested-externs -Wno-long-long -Wno-multichar -Wpointer-arith -Wshadow -Wsign-compare -Wundef -Wunused -Wwrite-strings -Wcast-align -Wdeclaration-after-statement -Wempty-body -Wendif-labels -Wfloat-equal -Wignored-qualifiers -Wno-format-nonliteral -Wno-sign-conversion -Wno-system-headers -Wstrict-prototypes -Wtype-limits -Wvla -Wshift-sign-overflow -Wshorten-64-to-32 -Wdouble-promotion -Wenum-conversion -Wunused-const-variable -Wcomma -Wmissing-variable-declarations -Wassign-enum -Wextra-semi-stmt -DHAVE_O_NONBLOCK  -DHAVE_INTTYPES_H -DHAVE_SYS_WAIT_H -DHAVE_SYS_IOCTL_H -DHAVE_SYS_PARAM_H -DHAVE_SYS_POLL_H -DHAVE_SYS_RESOURCE_H -DHAVE_SYS_SELECT_H -DHAVE_SYS_SOCKET_H -DHAVE_SYS_STAT_H -DHAVE_SYS_TIME_H -DHAVE_SYS_TYPES_H -DHAVE_SYS_UN_H -DHAVE_SYS_XATTR_H -DHAVE_ARPA_INET_H -DHAVE_FCNTL_H -DHAVE_IFADDRS_H -DHAVE_LIBGEN_H -DHAVE_LOCALE_H -DHAVE_NET_IF_H -DHAVE_NETDB_H -DHAVE_NETINET_IN_H -DHAVE_NETINET_TCP_H -DHAVE_NETINET_UDP_H -DHAVE_POLL_H -DHAVE_PWD_H -DHAVE_STDATOMIC_H -DHAVE_STDBOOL_H -DHAVE_STDINT_H -DHAVE_STRINGS_H -DHAVE_TERMIO_H -DHAVE_TERMIOS_H -DHAVE_UNISTD_H -DHAVE_UTIME_H -fcolor-diagnostics -MD -MT CMakeFiles/cmTC_f3d0e.dir/CurlTests.c.o -MF CMakeFiles/cmTC_f3d0e.dir/CurlTests.c.o.d -o CMakeFiles/cmTC_f3d0e.dir/CurlTests.c.o -c /home/dev/Proxy_Check/build/Desktop-Release/_deps/curl-src/CMake/CurlTests.c
[1m/home/dev/Proxy_Check/build/Desktop-Release/_deps/curl-src/CMake/CurlTests.c:515:7: [0m[0;1;35mwarning: [0m[1mISO C requires a translation unit to contain at least one declaration [-Wempty-translation-unit][0m
#endif
[0;1;32m      ^
[0m1 warning generated.
Linking C executable cmTC_f3d0e
/usr/bin/cmake -E cmake_link_script CMakeFiles/cmTC_f3d0e.dir/link.txt --verbose=1
/usr/bin/clang   -Wextra -Wall -pedantic -Wbad-function-cast -Wconversion -Winline -Wmissing-declarations -Wmissing-prototypes -Wnested-externs -Wno-long-long -Wno-multichar -Wpointer-arith -Wshadow -Wsign-compare -Wundef -Wunused -Wwrite-strings -Wcast-align -Wdeclaration-after-statement -Wempty-body -Wendif-labels -Wfloat-equal -Wignored-qualifiers -Wno-format-nonliteral -Wno-sign-conversion -Wno-system-headers -Wstrict-prototypes -Wtype-limits -Wvla -Wshift-sign-overflow -Wshorten-64-to-32 -Wdouble-promotion -Wenum-conversion -Wunused-const-variable -Wcomma -Wmissing-variable-declarations -Wassign-enum -Wextra-semi-stmt -DHAVE_O_NONBLOCK  -DHAVE_INTTYPES_H -DHAVE_SYS_WAIT_H -DHAVE_SYS_IOCTL_H -DHAVE_SYS_PARAM_H -DHAVE_SYS_POLL_H -DHAVE_SYS_RESOURCE_H -DHAVE_SYS_SELECT_H -DHAVE_SYS_SOCKET_H -DHAVE_SYS_STAT_H -DHAVE_SYS_TIME_H -DHAVE_SYS_TYPES_H -DHAVE_SYS_UN_H -DHAVE_SYS_XATTR_H -DHAVE_ARPA_INET_H -DHAVE_FCNTL_H -DHAVE_IFADDRS_H -DHAVE_LIBGEN_H -DHAVE_LOCALE_H -DHAVE_NET_IF_H -DHAVE_NETDB_H -DHAVE_NETINET_IN_H -DHAVE_NETINET_TCP_H -DHAVE_NETINET_UDP_H -DHAVE_POLL_H -DHAVE_PWD_H -DHAVE_STDATOMIC_H -DHAVE_STDBOOL_H -DHAVE_STDINT_H -DHAVE_STRINGS_H -DHAVE_TERMIO_H -DHAVE_TERMIOS_H -DHAVE_UNISTD_H -DHAVE_UTIME_H CMakeFiles/cmTC_f3d0e.dir/CurlTests.c.o -o cmTC_f3d0e 
/usr/bin/ld: /lib/x86_64-linux-gnu/Scrt1.o: in function `_start':
(.text+0x17): undefined reference to `main'
clang: error: linker command failed with exit code 1 (use -v to see invocation)
gmake[1]: *** [CMakeFiles/cmTC_f3d0e.dir/build.make:100: cmTC_f3d0e] Error 1
gmake[1]: Leaving directory '/home/dev/Proxy_Check/build/Desktop-Release/CMakeFiles/CMakeTmp'
gmake: *** [Makefile:127: cmTC_f3d0e/fast] Error 2


Performing Curl Test HAVE_GETHOSTBYNAME_R_3 failed with the following output:
Change Dir: '/home/dev/Proxy_Check/build/Desktop-Release/CMakeFiles/CMakeTmp'

Run Build Command(s): /usr/bin/cmake -E env VERBOSE=1 /usr/bin/gmake -f Makefile cmTC_dbd24/fast
/usr/bin/gmake  -f CMakeFiles/cmTC_dbd24.dir/build.make CMakeFiles/cmTC_dbd24.dir/build
gmake[1]: Entering directory '/home/dev/Proxy_Check/build/Desktop-Release/CMakeFiles/CMakeTmp'
Building C object CMakeFiles/cmTC_dbd24.dir/CurlTests.c.o
/usr/bin/clang   -Wextra -Wall -pedantic -Wbad-function-cast -Wconversion -Winline -Wmissing-declarations -Wmissing-prototypes -Wnested-externs -Wno-long-long -Wno-multichar -Wpointer-arith -Wshadow -Wsign-compare -Wundef -Wunused -Wwrite-strings -Wcast-align -Wdeclaration-after-statement -Wempty-body -Wendif-labels -Wfloat-equal -Wignored-qualifiers -Wno-format-nonliteral -Wno-sign-conversion -Wno-system-headers -Wstrict-prototypes -Wtype-limits -Wvla -Wshift-sign-overflow -Wshorten-64-to-32 -Wdouble-promotion -Wenum-conversion -Wunused-const-variable -Wcomma -Wmissing-variable-declarations -Wassign-enum -Wextra-semi-stmt -DHAVE_GETHOSTBYNAME_R_3  -DHAVE_INTTYPES_H -DHAVE_SYS_WAIT_H -DHAVE_SYS_IOCTL_H -DHAVE_SYS_PARAM_H -DHAVE_SYS_POLL_H -DHAVE_SYS_RESOURCE_H -DHAVE_SYS_SELECT_H -DHAVE_SYS_SOCKET_H -DHAVE_SYS_STAT_H -DHAVE_SYS_TIME_H -DHAVE_SYS_TYPES_H -DHAVE_SYS_UN_H -DHAVE_SYS_XATTR_H -DHAVE_ARPA_INET_H -DHAVE_FCNTL_H -DHAVE_IFADDRS_H -DHAVE_LIBGEN_H -DHAVE_LOCALE_H -DHAVE_NET_IF_H -DHAVE_NETDB_H -DHAVE_NETINET_IN_H -DHAVE_NETINET_TCP_H -DHAVE_NETINET_UDP_H -DHAVE_POLL_H -DHAVE_PWD_H -DHAVE_STDATOMIC_H -DHAVE_STDBOOL_H -DHAVE_STDINT_H -DHAVE_STRINGS_H -DHAVE_TERMIO_H -DHAVE_TERMIOS_H -DHAVE_UNISTD_H -DHAVE_UTIME_H -fcolor-diagnostics -MD -MT CMakeFiles/cmTC_dbd24.dir/CurlTests.c.o -MF CMakeFiles/cmTC_dbd24.dir/CurlTests.c.o.d -o CMakeFiles/cmTC_dbd24.dir/CurlTests.c.o -c /home/dev/Proxy_Check/build/Desktop-Release/_deps/curl-src/CMake/CurlTests.c
[1m/home/dev/Proxy_Check/build/Desktop-Release/_deps/curl-src/CMake/CurlTests.c:75:9: [0m[0;1;35mwarning: [0m[1minitializing 'char *' with an expression of type 'const char[12]' discards qualifiers [-Wincompatible-pointer-types-discards-qualifiers][0m
  char *address = "example.com";
[0;1;32m        ^         ~~~~~~~~~~~~~
[0m[1m/home/dev/Proxy_Check/build/Desktop-Release/_deps/curl-src/CMake/CurlTests.c:82:23: [0m[0;1;31merror: [0m[1mvariable has incomplete type 'struct hostent_data'[0m
  struct hostent_data hdata;
[0;1;32m                      ^
[0m[1m/home/dev/Proxy_Check/build/Desktop-Release/_deps/curl-src/CMake/CurlTests.c:82:10: [0m[0;1;30mnote: [0mforward declaration of 'struct hostent_data'[0m
  struct hostent_data hdata;
[0;1;32m         ^
[0m1 warning and 1 error generated.
gmake[1]: *** [CMakeFiles/cmTC_dbd24.dir/build.make:79: CMakeFiles/cmTC_dbd24.dir/CurlTests.c.o] Error 1
gmake[1]: Leaving directory '/home/dev/Proxy_Check/build/Desktop-Release/CMakeFiles/CMakeTmp'
gmake: *** [Makefile:127: cmTC_dbd24/fast] Error 2


Performing Curl Test HAVE_GETHOSTBYNAME_R_5 failed with the following output:
Change Dir: '/home/dev/Proxy_Check/build/Desktop-Release/CMakeFiles/CMakeTmp'

Run Build Command(s): /usr/bin/cmake -E env VERBOSE=1 /usr/bin/gmake -f Makefile cmTC_73a3c/fast
/usr/bin/gmake  -f CMakeFiles/cmTC_73a3c.dir/build.make CMakeFiles/cmTC_73a3c.dir/build
gmake[1]: Entering directory '/home/dev/Proxy_Check/build/Desktop-Release/CMakeFiles/CMakeTmp'
Building C object CMakeFiles/cmTC_73a3c.dir/CurlTests.c.o
/usr/bin/clang   -Wextra -Wall -pedantic -Wbad-function-cast -Wconversion -Winline -Wmissing-declarations -Wmissing-prototypes -Wnested-externs -Wno-long-long -Wno-multichar -Wpointer-arith -Wshadow -Wsign-compare -Wundef -Wunused -Wwrite-strings -Wcast-align -Wdeclaration-after-statement -Wempty-body -Wendif-labels -Wfloat-equal -Wignored-qualifiers -Wno-format-nonliteral -Wno-sign-conversion -Wno-system-headers -Wstrict-prototypes -Wtype-limits -Wvla -Wshift-sign-overflow -Wshorten-64-to-32 -Wdouble-promotion -Wenum-conversion -Wunused-const-variable -Wcomma -Wmissing-variable-declarations -Wassign-enum -Wextra-semi-stmt -DHAVE_GETHOSTBYNAME_R_5  -DHAVE_INTTYPES_H -DHAVE_SYS_WAIT_H -DHAVE_SYS_IOCTL_H -DHAVE_SYS_PARAM_H -DHAVE_SYS_POLL_H -DHAVE_SYS_RESOURCE_H -DHAVE_SYS_SELECT_H -DHAVE_SYS_SOCKET_H -DHAVE_SYS_STAT_H -DHAVE_SYS_TIME_H -DHAVE_SYS_TYPES_H -DHAVE_SYS_UN_H -DHAVE_SYS_XATTR_H -DHAVE_ARPA_INET_H -DHAVE_FCNTL_H -DHAVE_IFADDRS_H -DHAVE_LIBGEN_H -DHAVE_LOCALE_H -DHAVE_NET_IF_H -DHAVE_NETDB_H -DHAVE_NETINET_IN_H -DHAVE_NETINET_TCP_H -DHAVE_NETINET_UDP_H -DHAVE_POLL_H -DHAVE_PWD_H -DHAVE_STDATOMIC_H -DHAVE_STDBOOL_H -DHAVE_STDINT_H -DHAVE_STRINGS_H -DHAVE_TERMIO_H -DHAVE_TERMIOS_H -DHAVE_UNISTD_H -DHAVE_UTIME_H -fcolor-diagnostics -MD -MT CMakeFiles/cmTC_73a3c.dir/CurlTests.c.o -MF CMakeFiles/cmTC_73a3c.dir/CurlTests.c.o.d -o CMakeFiles/cmTC_73a3c.dir/CurlTests.c.o -c /home/dev/Proxy_Check/build/Desktop-Release/_deps/curl-src/CMake/CurlTests.c
[1m/home/dev/Proxy_Check/build/Desktop-Release/_deps/curl-src/CMake/CurlTests.c:75:9: [0m[0;1;35mwarning: [0m[1minitializing 'char *' with an expression of type 'const char[12]' discards qualifiers [-Wincompatible-pointer-types-discards-qualifiers][0m
  char *address = "example.com";
[0;1;32m        ^         ~~~~~~~~~~~~~
[0m[1m/home/dev/Proxy_Check/build/Desktop-Release/_deps/curl-src/CMake/CurlTests.c:97:60: [0m[0;1;31merror: [0m[1mtoo few arguments to function call, expected 6, have 5[0m
  rc = gethostbyname_r(address, &h, buffer, 8192, &h_errnop);
[0;1;32m       ~~~~~~~~~~~~~~~                                     ^
[0m[1m/usr/include/netdb.h:177:12: [0m[0;1;30mnote: [0m'gethostbyname_r' declared here[0m
extern int gethostbyname_r (const char *__restrict __name,
[0;1;32m           ^
[0m1 warning and 1 error generated.
gmake[1]: *** [CMakeFiles/cmTC_73a3c.dir/build.make:79: CMakeFiles/cmTC_73a3c.dir/CurlTests.c.o] Error 1
gmake[1]: Leaving directory '/home/dev/Proxy_Check/build/Desktop-Release/CMakeFiles/CMakeTmp'
gmake: *** [Makefile:127: cmTC_73a3c/fast] Error 2


Performing Curl Test HAVE_GETHOSTBYNAME_R_3_REENTRANT failed with the following output:
Change Dir: '/home/dev/Proxy_Check/build/Desktop-Release/CMakeFiles/CMakeTmp'

Run Build Command(s): /usr/bin/cmake -E env VERBOSE=1 /usr/bin/gmake -f Makefile cmTC_17341/fast
/usr/bin/gmake  -f CMakeFiles/cmTC_17341.dir/build.make CMakeFiles/cmTC_17341.dir/build
gmake[1]: Entering directory '/home/dev/Proxy_Check/build/Desktop-Release/CMakeFiles/CMakeTmp'
Building C object CMakeFiles/cmTC_17341.dir/CurlTests.c.o
/usr/bin/clang   -Wextra -Wall -pedantic -Wbad-function-cast -Wconversion -Winline -Wmissing-declarations -Wmissing-prototypes -Wnested-externs -Wno-long-long -Wno-multichar -Wpointer-arith -Wshadow -Wsign-compare -Wundef -Wunused -Wwrite-strings -Wcast-align -Wdeclaration-after-statement -Wempty-body -Wendif-labels -Wfloat-equal -Wignored-qualifiers -Wno-format-nonliteral -Wno-sign-conversion -Wno-system-headers -Wstrict-prototypes -Wtype-limits -Wvla -Wshift-sign-overflow -Wshorten-64-to-32 -Wdouble-promotion -Wenum-conversion -Wunused-const-variable -Wcomma -Wmissing-variable-declarations -Wassign-enum -Wextra-semi-stmt -DHAVE_GETHOSTBYNAME_R_3_REENTRANT  -DHAVE_INTTYPES_H -DHAVE_SYS_WAIT_H -DHAVE_SYS_IOCTL_H -DHAVE_SYS_PARAM_H -DHAVE_SYS_POLL_H -DHAVE_SYS_RESOURCE_H -DHAVE_SYS_SELECT_H -DHAVE_SYS_SOCKET_H -DHAVE_SYS_STAT_H -DHAVE_SYS_TIME_H -DHAVE_SYS_TYPES_H -DHAVE_SYS_UN_H -DHAVE_SYS_XATTR_H -DHAVE_ARPA_INET_H -DHAVE_FCNTL_H -DHAVE_IFADDRS_H -DHAVE_LIBGEN_H -DHAVE_LOCALE_H -DHAVE_NET_IF_H -DHAVE_NETDB_H -DHAVE_NETINET_IN_H -DHAVE_NETINET_TCP_H -DHAVE_NETINET_UDP_H -DHAVE_POLL_H -DHAVE_PWD_H -DHAVE_STDATOMIC_H -DHAVE_STDBOOL_H -DHAVE_STDINT_H -DHAVE_STRINGS_H -DHAVE_TERMIO_H -DHAVE_TERMIOS_H -DHAVE_UNISTD_H -DHAVE_UTIME_H -fcolor-diagnostics -MD -MT CMakeFiles/cmTC_17341.dir/CurlTests.c.o -MF CMakeFiles/cmTC_17341.dir/CurlTests.c.o.d -o CMakeFiles/cmTC_17341.dir/CurlTests.c.o -c /home/dev/Proxy_Check/build/Desktop-Release/_deps/curl-src/CMake/CurlTests.c
[1m/home/dev/Proxy_Check/build/Desktop-Release/_deps/curl-src/CMake/CurlTests.c:75:9: [0m[0;1;35mwarning: [0m[1minitializing 'char *' with an expression of type 'const char[12]' discards qualifiers [-Wincompatible-pointer-types-discards-qualifiers][0m
  char *address = "example.com";
[0;1;32m        ^         ~~~~~~~~~~~~~
[0m[1m/home/dev/Proxy_Check/build/Desktop-Release/_deps/curl-src/CMake/CurlTests.c:82:23: [0m[0;1;31merror: [0m[1mvariable has incomplete type 'struct hostent_data'[0m
  struct hostent_data hdata;
[0;1;32m                      ^
[0m[1m/home/dev/Proxy_Check/build/Desktop-Release/_deps/curl-src/CMake/CurlTests.c:82:10: [0m[0;1;30mnote: [0mforward declaration of 'struct hostent_data'[0m
  struct hostent_data hdata;
[0;1;32m         ^
[0m1 warning and 1 error generated.
gmake[1]: *** [CMakeFiles/cmTC_17341.dir/build.make:79: CMakeFiles/cmTC_17341.dir/CurlTests.c.o] Error 1
gmake[1]: Leaving directory '/home/dev/Proxy_Check/build/Desktop-Release/CMakeFiles/CMakeTmp'
gmake: *** [Makefile:127: cmTC_17341/fast] Error 2


Performing Curl Test HAVE_GETHOSTBYNAME_R_5_REENTRANT failed with the following output:
Change Dir: '/home/dev/Proxy_Check/build/Desktop-Release/CMakeFiles/CMakeTmp'

Run Build Command(s): /usr/bin/cmake -E env VERBOSE=1 /usr/bin/gmake -f Makefile cmTC_9c4ce/fast
/usr/bin/gmake  -f CMakeFiles/cmTC_9c4ce.dir/build.make CMakeFiles/cmTC_9c4ce.dir/build
gmake[1]: Entering directory '/home/dev/Proxy_Check/build/Desktop-Release/CMakeFiles/CMakeTmp'
Building C object CMakeFiles/cmTC_9c4ce.dir/CurlTests.c.o
/usr/bin/clang   -Wextra -Wall -pedantic -Wbad-function-cast -Wconversion -Winline -Wmissing-declarations -Wmissing-prototypes -Wnested-externs -Wno-long-long -Wno-multichar -Wpointer-arith -Wshadow -Wsign-compare -Wundef -Wunused -Wwrite-strings -Wcast-align -Wdeclaration-after-statement -Wempty-body -Wendif-labels -Wfloat-equal -Wignored-qualifiers -Wno-format-nonliteral -Wno-sign-conversion -Wno-system-headers -Wstrict-prototypes -Wtype-limits -Wvla -Wshift-sign-overflow -Wshorten-64-to-32 -Wdouble-promotion -Wenum-conversion -Wunused-const-variable -Wcomma -Wmissing-variable-declarations -Wassign-enum -Wextra-semi-stmt -DHAVE_GETHOSTBYNAME_R_5_REENTRANT  -DHAVE_INTTYPES_H -DHAVE_SYS_WAIT_H -DHAVE_SYS_IOCTL_H -DHAVE_SYS_PARAM_H -DHAVE_SYS_POLL_H -DHAVE_SYS_RESOURCE_H -DHAVE_SYS_SELECT_H -DHAVE_SYS_SOCKET_H -DHAVE_SYS_STAT_H -DHAVE_SYS_TIME_H -DHAVE_SYS_TYPES_H -DHAVE_SYS_UN_H -DHAVE_SYS_XATTR_H -DHAVE_ARPA_INET_H -DHAVE_FCNTL_H -DHAVE_IFADDRS_H -DHAVE_LIBGEN_H -DHAVE_LOCALE_H -DHAVE_NET_IF_H -DHAVE_NETDB_H -DHAVE_NETINET_IN_H -DHAVE_NETINET_TCP_H -DHAVE_NETINET_UDP_H -DHAVE_POLL_H -DHAVE_PWD_H -DHAVE_STDATOMIC_H -DHAVE_STDBOOL_H -DHAVE_STDINT_H -DHAVE_STRINGS_H -DHAVE_TERMIO_H -DHAVE_TERMIOS_H -DHAVE_UNISTD_H -DHAVE_UTIME_H -fcolor-diagnostics -MD -MT CMakeFiles/cmTC_9c4ce.dir/CurlTests.c.o -MF CMakeFiles/cmTC_9c4ce.dir/CurlTests.c.o.d -o CMakeFiles/cmTC_9c4ce.dir/CurlTests.c.o -c /home/dev/Proxy_Check/build/Desktop-Release/_deps/curl-src/CMake/CurlTests.c
[1m/home/dev/Proxy_Check/build/Desktop-Release/_deps/curl-src/CMake/CurlTests.c:75:9: [0m[0;1;35mwarning: [0m[1minitializing 'char *' with an expression of type 'const char[12]' discards qualifiers [-Wincompatible-pointer-types-discards-qualifiers][0m
  char *address = "example.com";
[0;1;32m        ^         ~~~~~~~~~~~~~
[0m[1m/home/dev/Proxy_Check/build/Desktop-Release/_deps/curl-src/CMake/CurlTests.c:97:60: [0m[0;1;31merror: [0m[1mtoo few arguments to function call, expected 6, have 5[0m
  rc = gethostbyname_r(address, &h, buffer, 8192, &h_errnop);
[0;1;32m       ~~~~~~~~~~~~~~~                                     ^
[0m[1m/usr/include/netdb.h:177:12: [0m[0;1;30mnote: [0m'gethostbyname_r' declared here[0m
extern int gethostbyname_r (const char *__restrict __name,
[0;1;32m           ^
[0m1 warning and 1 error generated.
gmake[1]: *** [CMakeFiles/cmTC_9c4ce.dir/build.make:79: CMakeFiles/cmTC_9c4ce.dir/CurlTests.c.o] Error 1
gmake[1]: Leaving directory '/home/dev/Proxy_Check/build/Desktop-Release/CMakeFiles/CMakeTmp'
gmake: *** [Makefile:127: cmTC_9c4ce/fast] Error 2


Performing Curl Test HAVE_GLIBC_STRERROR_R failed with the following output:
Change Dir: '/home/dev/Proxy_Check/build/Desktop-Release/CMakeFiles/CMakeTmp'

Run Build Command(s): /usr/bin/cmake -E env VERBOSE=1 /usr/bin/gmake -f Makefile cmTC_6fa8e/fast
/usr/bin/gmake  -f CMakeFiles/cmTC_6fa8e.dir/build.make CMakeFiles/cmTC_6fa8e.dir/build
gmake[1]: Entering directory '/home/dev/Proxy_Check/build/Desktop-Release/CMakeFiles/CMakeTmp'
Building C object CMakeFiles/cmTC_6fa8e.dir/CurlTests.c.o
/usr/bin/clang   -Wextra -Wall -pedantic -Wbad-function-cast -Wconversion -Winline -Wmissing-declarations -Wmissing-prototypes -Wnested-externs -Wno-long-long -Wno-multichar -Wpointer-arith -Wshadow -Wsign-compare -Wundef -Wunused -Wwrite-strings -Wcast-align -Wdeclaration-after-statement -Wempty-body -Wendif-labels -Wfloat-equal -Wignored-qualifiers -Wno-format-nonliteral -Wno-sign-conversion -Wno-system-headers -Wstrict-prototypes -Wtype-limits -Wvla -Wshift-sign-overflow -Wshorten-64-to-32 -Wdouble-promotion -Wenum-conversion -Wunused-const-variable -Wcomma -Wmissing-variable-declarations -Wassign-enum -Wextra-semi-stmt -DHAVE_GLIBC_STRERROR_R  -DHAVE_INTTYPES_H -DHAVE_SYS_WAIT_H -DHAVE_SYS_IOCTL_H -DHAVE_SYS_PARAM_H -DHAVE_SYS_POLL_H -DHAVE_SYS_RESOURCE_H -DHAVE_SYS_SELECT_H -DHAVE_SYS_SOCKET_H -DHAVE_SYS_STAT_H -DHAVE_SYS_TIME_H -DHAVE_SYS_TYPES_H -DHAVE_SYS_UN_H -DHAVE_SYS_XATTR_H -DHAVE_ARPA_INET_H -DHAVE_FCNTL_H -DHAVE_IFADDRS_H -DHAVE_LIBGEN_H -DHAVE_LOCALE_H -DHAVE_NET_IF_H -DHAVE_NETDB_H -DHAVE_NETINET_IN_H -DHAVE_NETINET_TCP_H -DHAVE_NETINET_UDP_H -DHAVE_POLL_H -DHAVE_PWD_H -DHAVE_STDATOMIC_H -DHAVE_STDBOOL_H -DHAVE_STDINT_H -DHAVE_STRINGS_H -DHAVE_TERMIO_H -DHAVE_TERMIOS_H -DHAVE_UNISTD_H -DHAVE_UTIME_H -fcolor-diagnostics -MD -MT CMakeFiles/cmTC_6fa8e.dir/CurlTests.c.o -MF CMakeFiles/cmTC_6fa8e.dir/CurlTests.c.o.d -o CMakeFiles/cmTC_6fa8e.dir/CurlTests.c.o -c /home/dev/Proxy_Check/build/Desktop-Release/_deps/curl-src/CMake/CurlTests.c
[1m/home/dev/Proxy_Check/build/Desktop-Release/_deps/curl-src/CMake/CurlTests.c:377:17: [0m[0;1;35mwarning: [0m[1munused parameter 'c' [-Wunused-parameter][0m
void check(char c) {}
[0;1;32m                ^
[0m[1m/home/dev/Proxy_Check/build/Desktop-Release/_deps/curl-src/CMake/CurlTests.c:377:6: [0m[0;1;35mwarning: [0m[1mno previous prototype for function 'check' [-Wmissing-prototypes][0m
void check(char c) {}
[0;1;32m     ^
[0m[1m/home/dev/Proxy_Check/build/Desktop-Release/_deps/curl-src/CMake/CurlTests.c:377:1: [0m[0;1;30mnote: [0mdeclare 'static' if the function is not intended to be used outside of this translation unit[0m
void check(char c) {}
[0;1;32m^
[0m[0;32mstatic 
[0m[1m/home/dev/Proxy_Check/build/Desktop-Release/_deps/curl-src/CMake/CurlTests.c:380:6: [0m[0;1;35mwarning: [0m[1ma function declaration without a prototype is deprecated in all versions of C [-Wstrict-prototypes][0m
main () {
[0;1;32m     ^
[0m[0;32m      void
[0m[1m/home/dev/Proxy_Check/build/Desktop-Release/_deps/curl-src/CMake/CurlTests.c:383:51: [0m[0;1;31merror: [0m[1msubscripted value is not an array, pointer, or vector[0m
  check(strerror_r(EACCES, buffer, sizeof(buffer))[0]);
[0;1;32m        ~~~~~~~~~~~~~~~~~~~~~~~~~~~~~~~~~~~~~~~~~~^~
[0m3 warnings and 1 error generated.
gmake[1]: *** [CMakeFiles/cmTC_6fa8e.dir/build.make:79: CMakeFiles/cmTC_6fa8e.dir/CurlTests.c.o] Error 1
gmake[1]: Leaving directory '/home/dev/Proxy_Check/build/Desktop-Release/CMakeFiles/CMakeTmp'
gmake: *** [Makefile:127: cmTC_6fa8e/fast] Error 2


